INFO:     Started server process [35020]
INFO:     Waiting for application startup.
INFO:     Application startup complete.
2026-06-05 10:08:41,094 INFO detector Importing Ultralytics YOLO runtime
INFO:     Uvicorn running on http://0.0.0.0:8000 (Press CTRL+C to quit)
2026-06-05 10:08:45,527 INFO detector Loading YOLO model from D:\TPTT_NNTT\IOT\AI-IoT-Waste-Sorting-System\backend\models\best.pt on device=cpu
2026-06-05 10:08:45,575 INFO detector YOLO model loaded from D:\TPTT_NNTT\IOT\AI-IoT-Waste-Sorting-System\backend\models\best.pt on device=cpu in 4.48s
2026-06-05 10:09:39,963 INFO detector YOLO inference completed in 0.360s
2026-06-05 10:09:40,601 INFO detector YOLO inference completed in 0.142s
2026-06-05 10:09:41,285 INFO detector YOLO inference completed in 0.166s
2026-06-05 10:09:41,938 INFO detector YOLO inference completed in 0.150s
2026-06-05 10:09:42,576 INFO detector YOLO inference completed in 0.140s
2026-06-05 10:09:43,220 INFO detector YOLO inference completed in 0.136s
2026-06-05 10:09:43,856 INFO detector YOLO inference completed in 0.134s
2026-06-05 10:09:44,503 INFO detector YOLO inference completed in 0.133s
2026-06-05 10:09:45,167 INFO detector YOLO inference completed in 0.158s
2026-06-05 10:09:45,792 INFO detector YOLO inference completed in 0.127s
2026-06-05 10:09:46,503 INFO detector YOLO inference completed in 0.200s
2026-06-05 10:09:47,172 INFO detector YOLO inference completed in 0.168s
2026-06-05 10:09:47,816 INFO detector YOLO inference completed in 0.152s
2026-06-05 10:09:48,510 INFO detector YOLO inference completed in 0.185s
2026-06-05 10:09:49,167 INFO detector YOLO inference completed in 0.159s
2026-06-05 10:09:49,824 INFO detector YOLO inference completed in 0.160s
2026-06-05 10:09:50,475 INFO detector YOLO inference completed in 0.144s
2026-06-05 10:09:51,135 INFO detector YOLO inference completed in 0.157s
2026-06-05 10:09:51,766 INFO detector YOLO inference completed in 0.131s
2026-06-05 10:09:52,397 INFO detector YOLO inference completed in 0.130s
2026-06-05 10:09:53,038 INFO detector YOLO inference completed in 0.143s
2026-06-05 10:09:53,683 INFO detector YOLO inference completed in 0.131s
2026-06-05 10:09:54,321 INFO detector YOLO inference completed in 0.137s
2026-06-05 10:09:54,951 INFO detector YOLO inference completed in 0.136s
2026-06-05 10:09:55,587 INFO detector YOLO inference completed in 0.132s
2026-06-05 10:09:56,231 INFO detector YOLO inference completed in 0.151s
2026-06-05 10:09:56,869 INFO detector YOLO inference completed in 0.134s
2026-06-05 10:09:57,512 INFO detector YOLO inference completed in 0.135s
2026-06-05 10:09:58,138 INFO detector YOLO inference completed in 0.131s
2026-06-05 10:09:58,795 INFO detector YOLO inference completed in 0.149s
2026-06-05 10:09:59,432 INFO detector YOLO inference completed in 0.138s
2026-06-05 10:10:00,128 INFO detector YOLO inference completed in 0.175s
2026-06-05 10:10:00,782 INFO detector YOLO inference completed in 0.137s
2026-06-05 10:10:01,417 INFO detector YOLO inference completed in 0.137s
2026-06-05 10:10:07,245 INFO detector YOLO inference completed in 0.137s
2026-06-05 10:10:07,929 INFO detector YOLO inference completed in 0.144s
2026-06-05 10:10:08,562 INFO detector YOLO inference completed in 0.136s
2026-06-05 10:10:09,190 INFO detector YOLO inference completed in 0.128s
2026-06-05 10:10:09,829 INFO detector YOLO inference completed in 0.137s
2026-06-05 10:10:10,476 INFO detector YOLO inference completed in 0.140s
2026-06-05 10:10:11,116 INFO detector YOLO inference completed in 0.131s
2026-06-05 10:10:11,757 INFO detector YOLO inference completed in 0.137s
2026-06-05 10:10:12,419 INFO detector YOLO inference completed in 0.134s
2026-06-05 10:10:13,052 INFO detector YOLO inference completed in 0.135s
2026-06-05 10:10:13,689 INFO detector YOLO inference completed in 0.136s
2026-06-05 10:10:14,321 INFO detector YOLO inference completed in 0.138s
2026-06-05 10:10:14,961 INFO detector YOLO inference completed in 0.128s
2026-06-05 10:10:15,590 INFO detector YOLO inference completed in 0.135s
2026-06-05 10:10:16,235 INFO detector YOLO inference completed in 0.141s
2026-06-05 10:10:16,890 INFO detector YOLO inference completed in 0.136s
2026-06-05 10:10:20,359 INFO detector YOLO inference completed in 0.148s
2026-06-05 10:10:21,020 INFO detector YOLO inference completed in 0.146s
2026-06-05 10:10:21,684 INFO detector YOLO inference completed in 0.158s
2026-06-05 10:10:22,336 INFO detector YOLO inference completed in 0.155s
2026-06-05 10:10:22,967 INFO detector YOLO inference completed in 0.136s
2026-06-05 10:10:23,614 INFO detector YOLO inference completed in 0.142s
2026-06-05 10:10:24,241 INFO detector YOLO inference completed in 0.134s
2026-06-05 10:45:58,055 INFO detector YOLO inference completed in 0.285s
2026-06-05 10:45:58,879 INFO detector YOLO inference completed in 0.298s
2026-06-05 10:45:59,716 INFO detector YOLO inference completed in 0.332s
2026-06-05 10:46:00,488 INFO detector YOLO inference completed in 0.263s
2026-06-05 10:46:01,297 INFO detector YOLO inference completed in 0.301s
2026-06-05 10:46:02,071 INFO detector YOLO inference completed in 0.258s
2026-06-05 10:46:02,850 INFO detector YOLO inference completed in 0.269s
2026-06-05 10:46:03,621 INFO detector YOLO inference completed in 0.254s
2026-06-05 10:46:04,431 INFO detector YOLO inference completed in 0.294s
2026-06-05 10:46:05,215 INFO detector YOLO inference completed in 0.266s
2026-06-05 10:46:06,008 INFO detector YOLO inference completed in 0.286s
2026-06-05 10:46:06,802 INFO detector YOLO inference completed in 0.274s
2026-06-05 10:46:07,584 INFO detector YOLO inference completed in 0.259s
2026-06-05 10:46:08,378 INFO detector YOLO inference completed in 0.275s
2026-06-05 10:46:09,167 INFO detector YOLO inference completed in 0.262s
2026-06-05 10:46:09,937 INFO detector YOLO inference completed in 0.255s
2026-06-05 10:46:10,722 INFO detector YOLO inference completed in 0.270s
2026-06-05 10:46:11,509 INFO detector YOLO inference completed in 0.267s
2026-06-05 10:46:12,284 INFO detector YOLO inference completed in 0.260s
2026-06-05 10:46:13,061 INFO detector YOLO inference completed in 0.255s
2026-06-05 10:46:13,847 INFO detector YOLO inference completed in 0.269s
2026-06-05 10:46:14,642 INFO detector YOLO inference completed in 0.273s
2026-06-05 10:46:15,497 INFO detector YOLO inference completed in 0.296s
2026-06-05 10:46:16,337 INFO detector YOLO inference completed in 0.338s
2026-06-05 10:46:17,127 INFO detector YOLO inference completed in 0.270s
2026-06-05 10:46:17,905 INFO detector YOLO inference completed in 0.264s
2026-06-05 10:46:18,717 INFO detector YOLO inference completed in 0.289s
2026-06-05 10:46:19,499 INFO detector YOLO inference completed in 0.260s
2026-06-05 10:46:20,299 INFO detector YOLO inference completed in 0.275s
2026-06-05 10:46:21,110 INFO detector YOLO inference completed in 0.266s
2026-06-05 10:46:21,889 INFO detector YOLO inference completed in 0.264s
2026-06-05 10:46:22,682 INFO detector YOLO inference completed in 0.268s
2026-06-05 10:46:23,467 INFO detector YOLO inference completed in 0.275s
2026-06-05 10:46:24,309 INFO detector YOLO inference completed in 0.323s
2026-06-05 10:46:25,163 INFO detector YOLO inference completed in 0.311s
2026-06-05 10:46:25,930 INFO detector YOLO inference completed in 0.255s
2026-06-05 10:46:29,507 INFO detector YOLO inference completed in 0.236s
2026-06-05 10:46:30,279 INFO detector YOLO inference completed in 0.236s
2026-06-05 10:46:31,008 INFO detector YOLO inference completed in 0.231s
2026-06-05 10:46:31,781 INFO detector YOLO inference completed in 0.259s
2026-06-05 10:46:32,558 INFO detector YOLO inference completed in 0.267s
2026-06-05 10:46:36,105 INFO detector YOLO inference completed in 0.230s
2026-06-05 10:46:36,848 INFO detector YOLO inference completed in 0.232s
2026-06-05 10:46:37,608 INFO detector YOLO inference completed in 0.241s
2026-06-05 10:46:38,364 INFO detector YOLO inference completed in 0.250s
2026-06-05 10:46:39,131 INFO detector YOLO inference completed in 0.260s
2026-06-05 10:46:39,929 INFO detector YOLO inference completed in 0.288s
2026-06-05 10:46:40,778 INFO detector YOLO inference completed in 0.340s
2026-06-05 10:46:41,593 INFO detector YOLO inference completed in 0.303s
2026-06-05 10:46:42,396 INFO detector YOLO inference completed in 0.279s
2026-06-05 10:46:43,171 INFO detector YOLO inference completed in 0.253s
2026-06-05 10:46:46,767 INFO detector YOLO inference completed in 0.222s
2026-06-05 10:46:47,488 INFO detector YOLO inference completed in 0.221s
2026-06-05 10:48:14,211 INFO detector YOLO inference completed in 0.255s
2026-06-05 10:48:17,769 INFO detector YOLO inference completed in 0.233s
2026-06-05 10:48:18,508 INFO detector YOLO inference completed in 0.233s
2026-06-05 10:48:19,283 INFO detector YOLO inference completed in 0.266s
2026-06-05 10:48:20,069 INFO detector YOLO inference completed in 0.268s
2026-06-05 10:48:20,866 INFO detector YOLO inference completed in 0.294s
2026-06-05 10:48:21,628 INFO detector YOLO inference completed in 0.252s
2026-06-05 10:48:22,403 INFO detector YOLO inference completed in 0.270s
2026-06-05 10:48:23,185 INFO detector YOLO inference completed in 0.276s
2026-06-05 10:48:23,989 INFO detector YOLO inference completed in 0.301s
2026-06-05 10:48:24,754 INFO detector YOLO inference completed in 0.256s
2026-06-05 10:48:25,526 INFO detector YOLO inference completed in 0.256s
2026-06-05 10:48:26,347 INFO detector YOLO inference completed in 0.315s
2026-06-05 10:48:27,126 INFO detector YOLO inference completed in 0.265s
2026-06-05 10:48:27,905 INFO detector YOLO inference completed in 0.263s
2026-06-05 10:48:28,688 INFO detector YOLO inference completed in 0.270s
2026-06-05 10:48:29,461 INFO detector YOLO inference completed in 0.267s
2026-06-05 10:48:30,237 INFO detector YOLO inference completed in 0.256s
2026-06-05 10:48:31,099 INFO detector YOLO inference completed in 0.357s
2026-06-05 10:48:31,876 INFO detector YOLO inference completed in 0.271s
2026-06-05 10:48:32,698 INFO detector YOLO inference completed in 0.266s
2026-06-05 10:48:33,467 INFO detector YOLO inference completed in 0.258s
2026-06-05 10:48:34,233 INFO detector YOLO inference completed in 0.259s
2026-06-05 10:48:35,017 INFO detector YOLO inference completed in 0.274s
2026-06-05 10:48:35,810 INFO detector YOLO inference completed in 0.272s
2026-06-05 10:48:36,591 INFO detector YOLO inference completed in 0.261s
2026-06-05 10:48:37,368 INFO detector YOLO inference completed in 0.263s
2026-06-05 10:48:38,141 INFO detector YOLO inference completed in 0.266s
2026-06-05 10:48:38,912 INFO detector YOLO inference completed in 0.259s
2026-06-05 10:48:39,712 INFO detector YOLO inference completed in 0.289s
2026-06-05 10:48:40,505 INFO detector YOLO inference completed in 0.264s
2026-06-05 10:48:44,123 INFO detector YOLO inference completed in 0.224s
2026-06-05 10:48:44,871 INFO detector YOLO inference completed in 0.231s
2026-06-05 10:48:45,628 INFO detector YOLO inference completed in 0.250s
2026-06-05 10:48:46,679 INFO detector YOLO inference completed in 0.479s
2026-06-05 10:48:47,532 INFO detector YOLO inference completed in 0.345s
2026-06-05 10:48:48,307 INFO detector YOLO inference completed in 0.269s
2026-06-05 10:48:49,095 INFO detector YOLO inference completed in 0.267s
2026-06-05 10:48:49,868 INFO detector YOLO inference completed in 0.264s
2026-06-05 10:48:50,656 INFO detector YOLO inference completed in 0.261s
2026-06-05 10:48:51,433 INFO detector YOLO inference completed in 0.261s
2026-06-05 10:48:52,230 INFO detector YOLO inference completed in 0.251s
2026-06-05 10:48:53,010 INFO detector YOLO inference completed in 0.265s
2026-06-05 10:48:53,795 INFO detector YOLO inference completed in 0.261s
2026-06-05 10:48:54,573 INFO detector YOLO inference completed in 0.264s
2026-06-05 10:48:55,364 INFO detector YOLO inference completed in 0.282s
2026-06-05 10:48:56,140 INFO detector YOLO inference completed in 0.265s
2026-06-05 10:48:56,923 INFO detector YOLO inference completed in 0.269s
2026-06-05 10:48:57,685 INFO detector YOLO inference completed in 0.257s
2026-06-05 10:48:58,476 INFO detector YOLO inference completed in 0.267s
2026-06-05 10:48:59,254 INFO detector YOLO inference completed in 0.260s
2026-06-05 10:49:00,118 INFO detector YOLO inference completed in 0.321s
2026-06-05 10:49:00,925 INFO detector YOLO inference completed in 0.287s
2026-06-05 10:49:01,687 INFO detector YOLO inference completed in 0.248s
2026-06-05 10:49:02,475 INFO detector YOLO inference completed in 0.270s
2026-06-05 10:49:03,248 INFO detector YOLO inference completed in 0.264s
2026-06-05 10:49:04,018 INFO detector YOLO inference completed in 0.252s
2026-06-05 10:49:04,781 INFO detector YOLO inference completed in 0.252s
2026-06-05 10:49:05,554 INFO detector YOLO inference completed in 0.254s
2026-06-05 10:49:06,421 INFO detector YOLO inference completed in 0.358s
2026-06-05 10:49:07,338 INFO detector YOLO inference completed in 0.397s
2026-06-05 10:49:08,125 INFO detector YOLO inference completed in 0.276s
2026-06-05 10:49:08,894 INFO detector YOLO inference completed in 0.260s
2026-06-05 10:49:09,660 INFO detector YOLO inference completed in 0.254s
2026-06-05 10:49:10,461 INFO detector YOLO inference completed in 0.262s
2026-06-05 10:49:11,222 INFO detector YOLO inference completed in 0.257s
2026-06-05 10:49:11,995 INFO detector YOLO inference completed in 0.262s
2026-06-05 10:49:12,779 INFO detector YOLO inference completed in 0.266s
2026-06-05 10:49:13,638 INFO detector YOLO inference completed in 0.349s
2026-06-05 10:49:14,446 INFO detector YOLO inference completed in 0.298s
2026-06-05 10:49:15,503 INFO detector YOLO inference completed in 0.518s
2026-06-05 10:49:16,362 INFO detector YOLO inference completed in 0.345s
2026-06-05 10:49:17,141 INFO detector YOLO inference completed in 0.279s
2026-06-05 10:49:18,026 INFO detector YOLO inference completed in 0.363s
2026-06-05 10:49:18,794 INFO detector YOLO inference completed in 0.256s
2026-06-05 10:49:19,564 INFO detector YOLO inference completed in 0.258s
2026-06-05 10:49:20,387 INFO detector YOLO inference completed in 0.263s
2026-06-05 10:49:21,182 INFO detector YOLO inference completed in 0.275s
2026-06-05 10:49:21,953 INFO detector YOLO inference completed in 0.251s
2026-06-05 10:49:22,715 INFO detector YOLO inference completed in 0.248s
2026-06-05 10:49:23,540 INFO detector YOLO inference completed in 0.312s
2026-06-05 10:49:24,326 INFO detector YOLO inference completed in 0.266s
2026-06-05 10:49:25,097 INFO detector YOLO inference completed in 0.255s
2026-06-05 10:49:25,930 INFO detector YOLO inference completed in 0.261s
2026-06-05 10:49:26,699 INFO detector YOLO inference completed in 0.261s
2026-06-05 10:49:27,485 INFO detector YOLO inference completed in 0.273s
2026-06-05 10:49:28,272 INFO detector YOLO inference completed in 0.268s
2026-06-05 10:49:29,037 INFO detector YOLO inference completed in 0.256s
2026-06-05 10:49:29,800 INFO detector YOLO inference completed in 0.253s
2026-06-05 10:49:30,576 INFO detector YOLO inference completed in 0.269s
2026-06-05 10:49:31,508 INFO detector YOLO inference completed in 0.379s
2026-06-05 10:49:32,426 INFO detector YOLO inference completed in 0.398s
2026-06-05 10:49:33,214 INFO detector YOLO inference completed in 0.277s
2026-06-05 10:49:33,978 INFO detector YOLO inference completed in 0.250s
2026-06-05 10:49:34,761 INFO detector YOLO inference completed in 0.266s
2026-06-05 10:49:35,540 INFO detector YOLO inference completed in 0.261s
2026-06-05 10:49:36,343 INFO detector YOLO inference completed in 0.260s
2026-06-05 10:49:37,112 INFO detector YOLO inference completed in 0.250s
2026-06-05 10:49:37,898 INFO detector YOLO inference completed in 0.263s
2026-06-05 10:49:38,672 INFO detector YOLO inference completed in 0.267s
2026-06-05 10:49:39,447 INFO detector YOLO inference completed in 0.264s
2026-06-05 10:49:40,276 INFO detector YOLO inference completed in 0.307s
2026-06-05 10:49:41,084 INFO detector YOLO inference completed in 0.286s
2026-06-05 10:49:41,903 INFO detector YOLO inference completed in 0.267s
2026-06-05 10:49:42,684 INFO detector YOLO inference completed in 0.261s
2026-06-05 10:49:43,458 INFO detector YOLO inference completed in 0.262s
2026-06-05 10:49:44,222 INFO detector YOLO inference completed in 0.254s
2026-06-05 10:49:47,794 INFO detector YOLO inference completed in 0.231s
2026-06-05 10:49:48,546 INFO detector YOLO inference completed in 0.238s
2026-06-05 10:49:49,285 INFO detector YOLO inference completed in 0.228s
2026-06-05 10:49:50,069 INFO detector YOLO inference completed in 0.274s
2026-06-05 10:49:50,861 INFO detector YOLO inference completed in 0.266s
2026-06-05 10:49:51,645 INFO detector YOLO inference completed in 0.260s
2026-06-05 10:49:52,420 INFO detector YOLO inference completed in 0.259s
2026-06-05 10:49:53,196 INFO detector YOLO inference completed in 0.262s
2026-06-05 10:49:53,981 INFO detector YOLO inference completed in 0.260s
2026-06-05 10:49:54,755 INFO detector YOLO inference completed in 0.261s
2026-06-05 10:49:55,526 INFO detector YOLO inference completed in 0.258s
2026-06-05 10:49:56,282 INFO detector YOLO inference completed in 0.255s
2026-06-05 10:49:57,148 INFO detector YOLO inference completed in 0.351s
2026-06-05 10:50:00,773 INFO detector YOLO inference completed in 0.242s
2026-06-05 10:50:01,515 INFO detector YOLO inference completed in 0.236s
2026-06-05 10:50:02,268 INFO detector YOLO inference completed in 0.238s
2026-06-05 10:50:03,054 INFO detector YOLO inference completed in 0.270s
2026-06-05 10:50:03,841 INFO detector YOLO inference completed in 0.280s
2026-06-05 10:50:04,625 INFO detector YOLO inference completed in 0.288s
2026-06-05 10:50:05,413 INFO detector YOLO inference completed in 0.272s
2026-06-05 10:50:06,188 INFO detector YOLO inference completed in 0.272s
2026-06-05 10:50:06,957 INFO detector YOLO inference completed in 0.258s
2026-06-05 10:50:07,756 INFO detector YOLO inference completed in 0.284s
2026-06-05 10:50:08,569 INFO detector YOLO inference completed in 0.284s
2026-06-05 10:50:12,199 INFO detector YOLO inference completed in 0.239s
2026-06-05 10:50:13,017 INFO detector YOLO inference completed in 0.305s
2026-06-05 10:50:13,798 INFO detector YOLO inference completed in 0.266s
2026-06-05 10:50:14,568 INFO detector YOLO inference completed in 0.251s
2026-06-05 10:50:15,339 INFO detector YOLO inference completed in 0.261s
2026-06-05 10:50:16,114 INFO detector YOLO inference completed in 0.258s
2026-06-05 10:50:16,923 INFO detector YOLO inference completed in 0.283s
2026-06-05 10:50:17,738 INFO detector YOLO inference completed in 0.288s
2026-06-05 10:50:18,545 INFO detector YOLO inference completed in 0.297s
2026-06-05 10:50:19,527 INFO detector YOLO inference completed in 0.451s
2026-06-05 10:50:20,375 INFO detector YOLO inference completed in 0.338s
2026-06-05 10:50:21,213 INFO detector YOLO inference completed in 0.317s
2026-06-05 10:50:22,056 INFO detector YOLO inference completed in 0.316s
2026-06-05 10:50:23,010 INFO detector YOLO inference completed in 0.445s
2026-06-05 10:50:23,913 INFO detector YOLO inference completed in 0.388s
2026-06-05 10:50:24,681 INFO detector YOLO inference completed in 0.265s
2026-06-05 10:50:25,525 INFO detector YOLO inference completed in 0.333s
2026-06-05 10:50:26,332 INFO detector YOLO inference completed in 0.300s
2026-06-05 10:50:27,166 INFO detector YOLO inference completed in 0.318s
2026-06-05 10:50:27,999 INFO detector YOLO inference completed in 0.320s
2026-06-05 10:50:28,764 INFO detector YOLO inference completed in 0.259s
2026-06-05 10:50:29,547 INFO detector YOLO inference completed in 0.269s
2026-06-05 10:50:30,349 INFO detector YOLO inference completed in 0.292s
2026-06-05 10:50:31,116 INFO detector YOLO inference completed in 0.256s
2026-06-05 10:50:31,890 INFO detector YOLO inference completed in 0.262s
2026-06-05 10:50:32,713 INFO detector YOLO inference completed in 0.306s
2026-06-05 10:50:33,577 INFO detector YOLO inference completed in 0.337s
2026-06-05 10:50:34,391 INFO detector YOLO inference completed in 0.300s
2026-06-05 10:50:35,165 INFO detector YOLO inference completed in 0.263s
2026-06-05 10:50:35,944 INFO detector YOLO inference completed in 0.266s
2026-06-05 10:50:36,739 INFO detector YOLO inference completed in 0.288s
2026-06-05 10:50:37,447 INFO detector YOLO inference completed in 0.186s
